# JRE version: Java(TM) SE Runtime Environment (8.0_291-b10) (build 1.8.0_291-b10)
# Java VM: Java HotSpot(TM) Client VM (25.291-b10 mixed mode windows-x86 )
Heap:
 def new generation   total 78912K, used 23354K [0x0fe00000, 0x15390000, 0x1a8a0000)
  eden space 70208K,  25% used [0x0fe00000, 0x10f26b38, 0x14290000)
  from space 8704K,  66% used [0x14b10000, 0x150b7e58, 0x15390000)
  to   space 8704K,   0% used [0x14290000, 0x14290000, 0x14b10000)
 tenured generation   total 174784K, used 145480K [0x1a8a0000, 0x25350000, 0x2fe00000)
   the space 174784K,  83% used [0x1a8a0000, 0x236b2230, 0x236b2400, 0x25350000)
 Metaspace       used 64650K, capacity 66783K, committed 69120K, reserved 70016K
GC Heap History (10 events):
Event: 3124.434 GC heap before
{Heap before GC invocations=86 (full 7):
 def new generation   total 78912K, used 69310K [0x0fe00000, 0x15390000, 0x1a8a0000)
  eden space 70208K,  97% used [0x0fe00000, 0x140ad5c8, 0x14290000)
  from space 8704K,  11% used [0x14290000, 0x14392498, 0x14b10000)
  to   space 8704K,   0% used [0x14b10000, 0x14b10000, 0x15390000)
 tenured generation   total 174784K, used 108013K [0x1a8a0000, 0x25350000, 0x2fe00000)
   the space 174784K,  61% used [0x1a8a0000, 0x2121b6b0, 0x2121b800, 0x25350000)
 Metaspace       used 64646K, capacity 66778K, committed 69120K, reserved 70016K
Event: 3124.470 GC heap after
Heap after GC invocations=87 (full 7):
 def new generation   total 78912K, used 8704K [0x0fe00000, 0x15390000, 0x1a8a0000)
  eden space 70208K,   0% used [0x0fe00000, 0x0fe00000, 0x14290000)
  from space 8704K, 100% used [0x14b10000, 0x15390000, 0x15390000)
  to   space 8704K,   0% used [0x14290000, 0x14290000, 0x14b10000)
 tenured generation   total 174784K, used 120133K [0x1a8a0000, 0x25350000, 0x2fe00000)
   the space 174784K,  68% used [0x1a8a0000, 0x21df1560, 0x21df1600, 0x25350000)
 Metaspace       used 64646K, capacity 66778K, committed 69120K, reserved 70016K
}
Event: 3125.975 GC heap before
{Heap before GC invocations=87 (full 7):
 def new generation   total 78912K, used 78912K [0x0fe00000, 0x15390000, 0x1a8a0000)
  eden space 70208K, 100% used [0x0fe00000, 0x14290000, 0x14290000)
  from space 8704K, 100% used [0x14b10000, 0x15390000, 0x15390000)
  to   space 8704K,   0% used [0x14290000, 0x14290000, 0x14b10000)
 tenured generation   total 174784K, used 120133K [0x1a8a0000, 0x25350000, 0x2fe00000)
   the space 174784K,  68% used [0x1a8a0000, 0x21df1560, 0x21df1600, 0x25350000)
 Metaspace       used 64648K, capacity 66781K, committed 69120K, reserved 70016K
Event: 3126.004 GC heap after
Heap after GC invocations=88 (full 7):
 def new generation   total 78912K, used 8704K [0x0fe00000, 0x15390000, 0x1a8a0000)
  eden space 70208K,   0% used [0x0fe00000, 0x0fe00000, 0x14290000)
  from space 8704K, 100% used [0x14290000, 0x14b10000, 0x14b10000)
  to   space 8704K,   0% used [0x14b10000, 0x14b10000, 0x15390000)
 tenured generation   total 174784K, used 126628K [0x1a8a0000, 0x25350000, 0x2fe00000)
   the space 174784K,  72% used [0x1a8a0000, 0x22449268, 0x22449400, 0x25350000)
 Metaspace       used 64648K, capacity 66781K, committed 69120K, reserved 70016K
}
Event: 3127.579 GC heap before
{Heap before GC invocations=88 (full 7):
 def new generation   total 78912K, used 78912K [0x0fe00000, 0x15390000, 0x1a8a0000)
  eden space 70208K, 100% used [0x0fe00000, 0x14290000, 0x14290000)
  from space 8704K, 100% used [0x14290000, 0x14b10000, 0x14b10000)
  to   space 8704K,   0% used [0x14b10000, 0x14b10000, 0x15390000)
 tenured generation   total 174784K, used 126628K [0x1a8a0000, 0x25350000, 0x2fe00000)
   the space 174784K,  72% used [0x1a8a0000, 0x22449268, 0x22449400, 0x25350000)
 Metaspace       used 64648K, capacity 66781K, committed 69120K, reserved 70016K
Event: 3127.591 GC heap after
Heap after GC invocations=89 (full 7):
 def new generation   total 78912K, used 8704K [0x0fe00000, 0x15390000, 0x1a8a0000)
  eden space 70208K,   0% used [0x0fe00000, 0x0fe00000, 0x14290000)
  from space 8704K, 100% used [0x14b10000, 0x15390000, 0x15390000)
  to   space 8704K,   0% used [0x14290000, 0x14290000, 0x14b10000)
 tenured generation   total 174784K, used 129430K [0x1a8a0000, 0x25350000, 0x2fe00000)
   the space 174784K,  74% used [0x1a8a0000, 0x22705988, 0x22705a00, 0x25350000)
 Metaspace       used 64648K, capacity 66781K, committed 69120K, reserved 70016K
}
Event: 3127.814 GC heap before
{Heap before GC invocations=89 (full 7):
 def new generation   total 78912K, used 78912K [0x0fe00000, 0x15390000, 0x1a8a0000)
  eden space 70208K, 100% used [0x0fe00000, 0x14290000, 0x14290000)
  from space 8704K, 100% used [0x14b10000, 0x15390000, 0x15390000)
  to   space 8704K,   0% used [0x14290000, 0x14290000, 0x14b10000)
 tenured generation   total 174784K, used 129430K [0x1a8a0000, 0x25350000, 0x2fe00000)
   the space 174784K,  74% used [0x1a8a0000, 0x22705988, 0x22705a00, 0x25350000)
 Metaspace       used 64648K, capacity 66781K, committed 69120K, reserved 70016K
Event: 3127.831 GC heap after
Heap after GC invocations=90 (full 7):
 def new generation   total 78912K, used 7989K [0x0fe00000, 0x15390000, 0x1a8a0000)
  eden space 70208K,   0% used [0x0fe00000, 0x0fe00000, 0x14290000)
  from space 8704K,  91% used [0x14290000, 0x14a5d628, 0x14b10000)
  to   space 8704K,   0% used [0x14b10000, 0x14b10000, 0x15390000)
 tenured generation   total 174784K, used 138032K [0x1a8a0000, 0x25350000, 0x2fe00000)
   the space 174784K,  78% used [0x1a8a0000, 0x22f6c138, 0x22f6c200, 0x25350000)
 Metaspace       used 64648K, capacity 66781K, committed 69120K, reserved 70016K
}
Event: 3128.342 GC heap before
{Heap before GC invocations=90 (full 7):
 def new generation   total 78912K, used 78197K [0x0fe00000, 0x15390000, 0x1a8a0000)
  eden space 70208K, 100% used [0x0fe00000, 0x14290000, 0x14290000)
  from space 8704K,  91% used [0x14290000, 0x14a5d628, 0x14b10000)
  to   space 8704K,   0% used [0x14b10000, 0x14b10000, 0x15390000)
 tenured generation   total 174784K, used 138032K [0x1a8a0000, 0x25350000, 0x2fe00000)
   the space 174784K,  78% used [0x1a8a0000, 0x22f6c138, 0x22f6c200, 0x25350000)
 Metaspace       used 64650K, capacity 66783K, committed 69120K, reserved 70016K
Event: 3128.363 GC heap after
Heap after GC invocations=91 (full 7):
 def new generation   total 78912K, used 5791K [0x0fe00000, 0x15390000, 0x1a8a0000)
  eden space 70208K,   0% used [0x0fe00000, 0x0fe00000, 0x14290000)
  from space 8704K,  66% used [0x14b10000, 0x150b7e58, 0x15390000)
  to   space 8704K,   0% used [0x14290000, 0x14290000, 0x14b10000)
 tenured generation   total 174784K, used 145480K [0x1a8a0000, 0x25350000, 0x2fe00000)
   the space 174784K,  83% used [0x1a8a0000, 0x236b2230, 0x236b2400, 0x25350000)
 Metaspace       used 64650K, capacity 66783K, committed 69120K, reserved 70016K
}

