# JRE version: Java(TM) SE Runtime Environment (8.0_291-b10) (build 1.8.0_291-b10)
# Java VM: Java HotSpot(TM) Client VM (25.291-b10 mixed mode windows-x86 )
Heap:
 def new generation   total 78848K, used 44752K [0x0fe00000, 0x15380000, 0x1a8a0000)
  eden space 70144K,  52% used [0x0fe00000, 0x121d3240, 0x14280000)
  from space 8704K,  92% used [0x14b00000, 0x152e1090, 0x15380000)
  to   space 8704K,   0% used [0x14280000, 0x14280000, 0x14b00000)
 tenured generation   total 174784K, used 30731K [0x1a8a0000, 0x25350000, 0x2fe00000)
   the space 174784K,  17% used [0x1a8a0000, 0x1c6a2cc0, 0x1c6a2e00, 0x25350000)
 Metaspace       used 38541K, capacity 39538K, committed 39552K, reserved 40320K
GC Heap History (10 events):
Event: 2.694 GC heap before
{Heap before GC invocations=5 (full 2):
 def new generation   total 78784K, used 70080K [0x0fe00000, 0x15370000, 0x1a8a0000)
  eden space 70080K, 100% used [0x0fe00000, 0x14270000, 0x14270000)
  from space 8704K,   0% used [0x14af0000, 0x14af0000, 0x15370000)
  to   space 8704K,   0% used [0x14270000, 0x14270000, 0x14af0000)
 tenured generation   total 174784K, used 15144K [0x1a8a0000, 0x25350000, 0x2fe00000)
   the space 174784K,   8% used [0x1a8a0000, 0x1b76a260, 0x1b76a400, 0x25350000)
 Metaspace       used 21954K, capacity 22450K, committed 22528K, reserved 22912K
Event: 2.701 GC heap after
Heap after GC invocations=6 (full 2):
 def new generation   total 78784K, used 5401K [0x0fe00000, 0x15370000, 0x1a8a0000)
  eden space 70080K,   0% used [0x0fe00000, 0x0fe00000, 0x14270000)
  from space 8704K,  62% used [0x14270000, 0x147b6458, 0x14af0000)
  to   space 8704K,   0% used [0x14af0000, 0x14af0000, 0x15370000)
 tenured generation   total 174784K, used 15144K [0x1a8a0000, 0x25350000, 0x2fe00000)
   the space 174784K,   8% used [0x1a8a0000, 0x1b76a260, 0x1b76a400, 0x25350000)
 Metaspace       used 21954K, capacity 22450K, committed 22528K, reserved 22912K
}
Event: 3.112 GC heap before
{Heap before GC invocations=6 (full 2):
 def new generation   total 78784K, used 75215K [0x0fe00000, 0x15370000, 0x1a8a0000)
  eden space 70080K,  99% used [0x0fe00000, 0x1422db78, 0x14270000)
  from space 8704K,  62% used [0x14270000, 0x147b6458, 0x14af0000)
  to   space 8704K,   0% used [0x14af0000, 0x14af0000, 0x15370000)
 tenured generation   total 174784K, used 15144K [0x1a8a0000, 0x25350000, 0x2fe00000)
   the space 174784K,   8% used [0x1a8a0000, 0x1b76a260, 0x1b76a400, 0x25350000)
 Metaspace       used 27067K, capacity 27681K, committed 27776K, reserved 28032K
Event: 3.124 GC heap after
Heap after GC invocations=7 (full 2):
 def new generation   total 78784K, used 8704K [0x0fe00000, 0x15370000, 0x1a8a0000)
  eden space 70080K,   0% used [0x0fe00000, 0x0fe00000, 0x14270000)
  from space 8704K, 100% used [0x14af0000, 0x15370000, 0x15370000)
  to   space 8704K,   0% used [0x14270000, 0x14270000, 0x14af0000)
 tenured generation   total 174784K, used 17976K [0x1a8a0000, 0x25350000, 0x2fe00000)
   the space 174784K,  10% used [0x1a8a0000, 0x1ba2e0c0, 0x1ba2e200, 0x25350000)
 Metaspace       used 27067K, capacity 27681K, committed 27776K, reserved 28032K
}
Event: 3.472 GC heap before
{Heap before GC invocations=7 (full 2):
 def new generation   total 78784K, used 78784K [0x0fe00000, 0x15370000, 0x1a8a0000)
  eden space 70080K, 100% used [0x0fe00000, 0x14270000, 0x14270000)
  from space 8704K, 100% used [0x14af0000, 0x15370000, 0x15370000)
  to   space 8704K,   0% used [0x14270000, 0x14270000, 0x14af0000)
 tenured generation   total 174784K, used 17976K [0x1a8a0000, 0x25350000, 0x2fe00000)
   the space 174784K,  10% used [0x1a8a0000, 0x1ba2e0c0, 0x1ba2e200, 0x25350000)
 Metaspace       used 29666K, capacity 30359K, committed 30464K, reserved 31104K
Event: 3.486 GC heap after
Heap after GC invocations=8 (full 2):
 def new generation   total 78784K, used 7524K [0x0fe00000, 0x15370000, 0x1a8a0000)
  eden space 70080K,   0% used [0x0fe00000, 0x0fe00000, 0x14270000)
  from space 8704K,  86% used [0x14270000, 0x149c9000, 0x14af0000)
  to   space 8704K,   0% used [0x14af0000, 0x14af0000, 0x15370000)
 tenured generation   total 174784K, used 21974K [0x1a8a0000, 0x25350000, 0x2fe00000)
   the space 174784K,  12% used [0x1a8a0000, 0x1be15b28, 0x1be15c00, 0x25350000)
 Metaspace       used 29666K, capacity 30359K, committed 30464K, reserved 31104K
}
Event: 3.850 GC heap before
{Heap before GC invocations=8 (full 2):
 def new generation   total 78784K, used 76258K [0x0fe00000, 0x15370000, 0x1a8a0000)
  eden space 70080K,  98% used [0x0fe00000, 0x1411f960, 0x14270000)
  from space 8704K,  86% used [0x14270000, 0x149c9000, 0x14af0000)
  to   space 8704K,   0% used [0x14af0000, 0x14af0000, 0x15370000)
 tenured generation   total 174784K, used 21974K [0x1a8a0000, 0x25350000, 0x2fe00000)
   the space 174784K,  12% used [0x1a8a0000, 0x1be15b28, 0x1be15c00, 0x25350000)
 Metaspace       used 33430K, capacity 34110K, committed 34136K, reserved 34176K
Event: 3.907 GC heap after
Heap after GC invocations=9 (full 3):
 def new generation   total 78848K, used 0K [0x0fe00000, 0x15380000, 0x1a8a0000)
  eden space 70144K,   0% used [0x0fe00000, 0x0fe00000, 0x14280000)
  from space 8704K,   0% used [0x14280000, 0x14280000, 0x14b00000)
  to   space 8704K,   0% used [0x14b00000, 0x14b00000, 0x15380000)
 tenured generation   total 174784K, used 30731K [0x1a8a0000, 0x25350000, 0x2fe00000)
   the space 174784K,  17% used [0x1a8a0000, 0x1c6a2cc0, 0x1c6a2e00, 0x25350000)
 Metaspace       used 33414K, capacity 34075K, committed 34136K, reserved 34176K
}
Event: 4.355 GC heap before
{Heap before GC invocations=9 (full 3):
 def new generation   total 78848K, used 70144K [0x0fe00000, 0x15380000, 0x1a8a0000)
  eden space 70144K, 100% used [0x0fe00000, 0x14280000, 0x14280000)
  from space 8704K,   0% used [0x14280000, 0x14280000, 0x14b00000)
  to   space 8704K,   0% used [0x14b00000, 0x14b00000, 0x15380000)
 tenured generation   total 174784K, used 30731K [0x1a8a0000, 0x25350000, 0x2fe00000)
   the space 174784K,  17% used [0x1a8a0000, 0x1c6a2cc0, 0x1c6a2e00, 0x25350000)
 Metaspace       used 37266K, capacity 38172K, committed 38272K, reserved 38272K
Event: 4.364 GC heap after
Heap after GC invocations=10 (full 3):
 def new generation   total 78848K, used 8068K [0x0fe00000, 0x15380000, 0x1a8a0000)
  eden space 70144K,   0% used [0x0fe00000, 0x0fe00000, 0x14280000)
  from space 8704K,  92% used [0x14b00000, 0x152e1090, 0x15380000)
  to   space 8704K,   0% used [0x14280000, 0x14280000, 0x14b00000)
 tenured generation   total 174784K, used 30731K [0x1a8a0000, 0x25350000, 0x2fe00000)
   the space 174784K,  17% used [0x1a8a0000, 0x1c6a2cc0, 0x1c6a2e00, 0x25350000)
 Metaspace       used 37266K, capacity 38172K, committed 38272K, reserved 38272K
}

